{
  "stats": {
    "suites": 4,
    "tests": 12,
    "passes": 11,
    "pending": 0,
    "failures": 1,
    "start": "2026-07-27T17:27:37.113Z",
    "end": "2026-07-27T17:28:05.384Z",
    "duration": 28271,
    "testsRegistered": 12,
    "passPercent": 91.66666666666666,
    "pendingPercent": 0,
    "other": 0,
    "hasOther": false,
    "skipped": 0,
    "hasSkipped": false
  },
  "results": [
    {
      "uuid": "d17d9950-30a9-4bf6-b5e9-f271d33c1e42",
      "title": "",
      "fullFile": "cypress\\e2e\\portfolio_e2e.cy.js",
      "file": "cypress\\e2e\\portfolio_e2e.cy.js",
      "beforeHooks": [],
      "afterHooks": [],
      "tests": [],
      "suites": [
        {
          "uuid": "ccd00b53-c7f7-45dd-b522-b3ed717ae21a",
          "title": "Portfolio Full-Stack Master E2E Automated Test Suite",
          "fullFile": "",
          "file": "",
          "beforeHooks": [],
          "afterHooks": [],
          "tests": [],
          "suites": [
            {
              "uuid": "3324bbfe-b82d-4a67-802e-8207f954ae62",
              "title": "Hero Section & Social Navigation",
              "fullFile": "",
              "file": "",
              "beforeHooks": [],
              "afterHooks": [],
              "tests": [
                {
                  "title": "TC-HERO-01 [Positive]: Should display correct header quote and developer name",
                  "fullTitle": "Portfolio Full-Stack Master E2E Automated Test Suite Hero Section & Social Navigation TC-HERO-01 [Positive]: Should display correct header quote and developer name",
                  "timedOut": null,
                  "duration": 2088,
                  "state": "passed",
                  "speed": "fast",
                  "pass": true,
                  "fail": false,
                  "pending": false,
                  "context": null,
                  "code": "cy.get('.name').should('contain.text', 'Satheesh Kumar P');\ncy.get('.nav-quote').should('contain.text', 'Full stack developer by profession, product builder by passion');",
                  "err": {},
                  "uuid": "1d1a8d8f-61d8-48c9-a21e-e9c26967fdc6",
                  "parentUUID": "3324bbfe-b82d-4a67-802e-8207f954ae62",
                  "isHook": false,
                  "skipped": false
                },
                {
                  "title": "TC-HERO-02 [Positive]: Should verify LeetCode, GitHub, and LinkedIn social profile links",
                  "fullTitle": "Portfolio Full-Stack Master E2E Automated Test Suite Hero Section & Social Navigation TC-HERO-02 [Positive]: Should verify LeetCode, GitHub, and LinkedIn social profile links",
                  "timedOut": null,
                  "duration": 432,
                  "state": "passed",
                  "speed": "fast",
                  "pass": true,
                  "fail": false,
                  "pending": false,
                  "context": null,
                  "code": "cy.get('a[aria-label=\"LeetCode\"]').should('have.attr', 'href', 'https://leetcode.com/u/satheeshkumar1501/').should('have.attr', 'target', '_blank');\ncy.get('a[aria-label=\"GitHub\"]').should('have.attr', 'href', 'https://github.com/satheesh1501').should('have.attr', 'target', '_blank');\ncy.get('a[aria-label=\"LinkedIn\"]').should('have.attr', 'href', 'https://www.linkedin.com/in/satheesh-kumar-p-24ab5427b/').should('have.attr', 'target', '_blank');",
                  "err": {},
                  "uuid": "624c6e0f-5caf-4041-8ae9-2739973a305f",
                  "parentUUID": "3324bbfe-b82d-4a67-802e-8207f954ae62",
                  "isHook": false,
                  "skipped": false
                },
                {
                  "title": "TC-HERO-03 [Positive]: Should trigger Resume Download API and alert user",
                  "fullTitle": "Portfolio Full-Stack Master E2E Automated Test Suite Hero Section & Social Navigation TC-HERO-03 [Positive]: Should trigger Resume Download API and alert user",
                  "timedOut": null,
                  "duration": 880,
                  "state": "passed",
                  "speed": "fast",
                  "pass": true,
                  "fail": false,
                  "pending": false,
                  "context": null,
                  "code": "cy.contains('button', 'Download Resume ⬇').click();\ncy.get('.toast-container', {\n  timeout: 10000\n}).should('be.visible').and('contain.text', 'Resume download started!');",
                  "err": {},
                  "uuid": "d9c548e5-2cc1-4841-b917-c126cfae83a3",
                  "parentUUID": "3324bbfe-b82d-4a67-802e-8207f954ae62",
                  "isHook": false,
                  "skipped": false
                }
              ],
              "suites": [],
              "passes": [
                "1d1a8d8f-61d8-48c9-a21e-e9c26967fdc6",
                "624c6e0f-5caf-4041-8ae9-2739973a305f",
                "d9c548e5-2cc1-4841-b917-c126cfae83a3"
              ],
              "failures": [],
              "pending": [],
              "skipped": [],
              "duration": 3400,
              "root": false,
              "rootEmpty": false,
              "_timeout": 2000
            },
            {
              "uuid": "0ca37bf7-b117-415b-9141-b727976b7717",
              "title": "Contact Form Pipeline & Validation",
              "fullFile": "",
              "file": "",
              "beforeHooks": [],
              "afterHooks": [],
              "tests": [
                {
                  "title": "TC-CONTACT-01 [Negative]: Should show in-line error messages when submitting empty form",
                  "fullTitle": "Portfolio Full-Stack Master E2E Automated Test Suite Contact Form Pipeline & Validation TC-CONTACT-01 [Negative]: Should show in-line error messages when submitting empty form",
                  "timedOut": null,
                  "duration": 806,
                  "state": "passed",
                  "speed": "fast",
                  "pass": true,
                  "fail": false,
                  "pending": false,
                  "context": null,
                  "code": "cy.get('#contact').scrollIntoView();\ncy.contains('button', 'Send Message →').click();\ncy.get('.error-text').should('have.length.at.least', 3);\ncy.contains('Name is required.').should('be.visible');\ncy.contains('Email is required.').should('be.visible');\ncy.contains('Subject is required.').should('be.visible');",
                  "err": {},
                  "uuid": "cd7a4120-e8ed-447e-bfa8-9e00a62d6b2d",
                  "parentUUID": "0ca37bf7-b117-415b-9141-b727976b7717",
                  "isHook": false,
                  "skipped": false
                },
                {
                  "title": "TC-CONTACT-02 [Negative]: Should reject invalid email format (missing @)",
                  "fullTitle": "Portfolio Full-Stack Master E2E Automated Test Suite Contact Form Pipeline & Validation TC-CONTACT-02 [Negative]: Should reject invalid email format (missing @)",
                  "timedOut": null,
                  "duration": 3046,
                  "state": "passed",
                  "speed": "fast",
                  "pass": true,
                  "fail": false,
                  "pending": false,
                  "context": null,
                  "code": "cy.get('#contact').scrollIntoView();\ncy.get('input[placeholder=\"Your Name\"]').type('John Doe');\ncy.get('input[placeholder=\"Your Email\"]').type('invalid-email-format');\ncy.get('input[placeholder=\"Subject\"]').type('Hiring Inquiry');\ncy.get('textarea[placeholder*=\"Your Message\"]').type('Hello Satheesh, we would like to discuss an engineering role.');\ncy.contains('button', 'Send Message →').click();\ncy.contains('Please enter a valid email address').should('be.visible');",
                  "err": {},
                  "uuid": "10bc341e-c06a-469d-9f08-9d9802ef3b64",
                  "parentUUID": "0ca37bf7-b117-415b-9141-b727976b7717",
                  "isHook": false,
                  "skipped": false
                },
                {
                  "title": "TC-CONTACT-03 [Negative]: Should reject invalid special characters in subject",
                  "fullTitle": "Portfolio Full-Stack Master E2E Automated Test Suite Contact Form Pipeline & Validation TC-CONTACT-03 [Negative]: Should reject invalid special characters in subject",
                  "timedOut": null,
                  "duration": 2719,
                  "state": "passed",
                  "speed": "fast",
                  "pass": true,
                  "fail": false,
                  "pending": false,
                  "context": null,
                  "code": "cy.get('#contact').scrollIntoView();\ncy.get('input[placeholder=\"Your Name\"]').type('Test User');\ncy.get('input[placeholder=\"Your Email\"]').type('test@example.com');\ncy.get('input[placeholder=\"Subject\"]').type('<script>alert(\"xss\")</script>');\ncy.get('textarea[placeholder*=\"Your Message\"]').type('Testing malicious payload injection prevention.');\ncy.contains('button', 'Send Message →').click();\ncy.contains('Subject contains invalid special characters').should('be.visible');",
                  "err": {},
                  "uuid": "645867bf-f82e-4afd-95f5-d585be63183d",
                  "parentUUID": "0ca37bf7-b117-415b-9141-b727976b7717",
                  "isHook": false,
                  "skipped": false
                },
                {
                  "title": "TC-CONTACT-04 [Positive]: Submit valid contact message",
                  "fullTitle": "Portfolio Full-Stack Master E2E Automated Test Suite Contact Form Pipeline & Validation TC-CONTACT-04 [Positive]: Submit valid contact message",
                  "timedOut": null,
                  "duration": 14264,
                  "state": "failed",
                  "speed": null,
                  "pass": false,
                  "fail": true,
                  "pending": false,
                  "context": null,
                  "code": "const uniqueId = Math.floor(100000 + Math.random() * 900000);\ncy.get('#contact').scrollIntoView();\ncy.get('input[placeholder=\"Your Name\"]').type(`Recruiter ${uniqueId}`);\ncy.get('input[placeholder=\"Your Email\"]').type(`recruiter_${uniqueId}@company.com`);\ncy.get('input[placeholder=\"Subject\"]').type('Senior Full Stack Developer Opportunity');\ncy.get('textarea[placeholder*=\"Your Message\"]').type('Hi Satheesh, we were impressed by your Java 21 microservices portfolio and would love to connect!');\ncy.contains('button', 'Send Message →').click();\n// Should show success or rate limit warning toast\ncy.get('.toast-container', {\n  timeout: 10000\n}).should('be.visible').and($toast => {\n  const text = $toast.text();\n  expect(text).to.match(/Your message has been sent to Satheesh|submitted a message recently/);\n});",
                  "err": {
                    "message": "AssertionError: Timed out retrying after 10000ms: Expected to find element: `.toast-container`, but never found it.",
                    "estack": "AssertionError: Timed out retrying after 10000ms: Expected to find element: `.toast-container`, but never found it.\n    at Context.eval (webpack://portfolio-frontend/./cypress/e2e/portfolio_e2e.cy.js:84:9)",
                    "diff": null
                  },
                  "uuid": "72c5e564-3206-4595-a988-49da9972eb46",
                  "parentUUID": "0ca37bf7-b117-415b-9141-b727976b7717",
                  "isHook": false,
                  "skipped": false
                }
              ],
              "suites": [],
              "passes": [
                "cd7a4120-e8ed-447e-bfa8-9e00a62d6b2d",
                "10bc341e-c06a-469d-9f08-9d9802ef3b64",
                "645867bf-f82e-4afd-95f5-d585be63183d"
              ],
              "failures": [
                "72c5e564-3206-4595-a988-49da9972eb46"
              ],
              "pending": [],
              "skipped": [],
              "duration": 20835,
              "root": false,
              "rootEmpty": false,
              "_timeout": 2000
            },
            {
              "uuid": "e132e7ae-1439-44e5-865b-e3e7ee0846f5",
              "title": "AI Chatbot Engine & Boundary Tests",
              "fullFile": "",
              "file": "",
              "beforeHooks": [],
              "afterHooks": [],
              "tests": [
                {
                  "title": "TC-AI-01 [Positive]: Should open drawer with single welcome message and starter chips",
                  "fullTitle": "Portfolio Full-Stack Master E2E Automated Test Suite AI Chatbot Engine & Boundary Tests TC-AI-01 [Positive]: Should open drawer with single welcome message and starter chips",
                  "timedOut": null,
                  "duration": 624,
                  "state": "passed",
                  "speed": "fast",
                  "pass": true,
                  "fail": false,
                  "pending": false,
                  "context": null,
                  "code": "cy.get('.chat-widget-button').click();\ncy.get('#chatPanel').should('be.visible');\ncy.get('.ai-bubble').should('have.length', 1).and('contain.text', \"Hi! I'm Satheesh's AI Portfolio Assistant\");\ncy.get('.suggested-chip').should('have.length', 4);",
                  "err": {},
                  "uuid": "14427e99-7756-4543-877c-35c5b964e287",
                  "parentUUID": "e132e7ae-1439-44e5-865b-e3e7ee0846f5",
                  "isHook": false,
                  "skipped": false
                },
                {
                  "title": "TC-AI-02 [Positive]: Should handle LeetCode starter chip click",
                  "fullTitle": "Portfolio Full-Stack Master E2E Automated Test Suite AI Chatbot Engine & Boundary Tests TC-AI-02 [Positive]: Should handle LeetCode starter chip click",
                  "timedOut": null,
                  "duration": 682,
                  "state": "passed",
                  "speed": "fast",
                  "pass": true,
                  "fail": false,
                  "pending": false,
                  "context": null,
                  "code": "cy.get('.chat-widget-button').click();\ncy.contains('.suggested-chip', 'LeetCode Milestones').click();\ncy.get('.user-bubble').should('contain.text', 'LeetCode Milestones');\ncy.get('.ai-bubble').last().should('contain.text', '138+ Data Structures & Algorithms problems');",
                  "err": {},
                  "uuid": "b0edf3da-2cd9-48a4-8738-ff00901270c9",
                  "parentUUID": "e132e7ae-1439-44e5-865b-e3e7ee0846f5",
                  "isHook": false,
                  "skipped": false
                },
                {
                  "title": "TC-AI-03 [Positive]: Should resolve NLP query \"his skills\"",
                  "fullTitle": "Portfolio Full-Stack Master E2E Automated Test Suite AI Chatbot Engine & Boundary Tests TC-AI-03 [Positive]: Should resolve NLP query \"his skills\"",
                  "timedOut": null,
                  "duration": 555,
                  "state": "passed",
                  "speed": "fast",
                  "pass": true,
                  "fail": false,
                  "pending": false,
                  "context": null,
                  "code": "cy.get('.chat-widget-button').click();\ncy.get('input[placeholder*=\"Ask anything\"]').type('his skills{enter}');\ncy.get('.user-bubble').should('contain.text', 'his skills');\ncy.get('.ai-bubble').last().should('contain.text', 'Java 21, Spring Boot 3, Spring Security');",
                  "err": {},
                  "uuid": "6c45c1fd-9f86-47f9-8367-eff6d91700da",
                  "parentUUID": "e132e7ae-1439-44e5-865b-e3e7ee0846f5",
                  "isHook": false,
                  "skipped": false
                },
                {
                  "title": "TC-AI-04 [Positive]: Should resolve NLP query \"what company he looking for\"",
                  "fullTitle": "Portfolio Full-Stack Master E2E Automated Test Suite AI Chatbot Engine & Boundary Tests TC-AI-04 [Positive]: Should resolve NLP query \"what company he looking for\"",
                  "timedOut": null,
                  "duration": 757,
                  "state": "passed",
                  "speed": "fast",
                  "pass": true,
                  "fail": false,
                  "pending": false,
                  "context": null,
                  "code": "cy.get('.chat-widget-button').click();\ncy.get('input[placeholder*=\"Ask anything\"]').type('what company he looking for{enter}');\ncy.get('.user-bubble').should('contain.text', 'what company he looking for');\ncy.get('.ai-bubble').last().should('contain.text', 'Senior / Mid-Level Full Stack Developer');",
                  "err": {},
                  "uuid": "888fe928-f11b-4432-9778-005515ef8116",
                  "parentUUID": "e132e7ae-1439-44e5-865b-e3e7ee0846f5",
                  "isHook": false,
                  "skipped": false
                },
                {
                  "title": "TC-AI-05 [Negative]: Should strictly reject off-topic query \"what is the weather in London\"",
                  "fullTitle": "Portfolio Full-Stack Master E2E Automated Test Suite AI Chatbot Engine & Boundary Tests TC-AI-05 [Negative]: Should strictly reject off-topic query \"what is the weather in London\"",
                  "timedOut": null,
                  "duration": 767,
                  "state": "passed",
                  "speed": "fast",
                  "pass": true,
                  "fail": false,
                  "pending": false,
                  "context": null,
                  "code": "cy.get('.chat-widget-button').click();\ncy.get('input[placeholder*=\"Ask anything\"]').type('what is the weather in London{enter}');\ncy.get('.user-bubble').should('contain.text', 'what is the weather in London');\ncy.get('.ai-bubble').last().should('contain.text', 'Please ask a valid question about Satheesh Kumar P!');",
                  "err": {},
                  "uuid": "422ad036-3e33-4677-a736-38dc96c4b0f9",
                  "parentUUID": "e132e7ae-1439-44e5-865b-e3e7ee0846f5",
                  "isHook": false,
                  "skipped": false
                }
              ],
              "suites": [],
              "passes": [
                "14427e99-7756-4543-877c-35c5b964e287",
                "b0edf3da-2cd9-48a4-8738-ff00901270c9",
                "6c45c1fd-9f86-47f9-8367-eff6d91700da",
                "888fe928-f11b-4432-9778-005515ef8116",
                "422ad036-3e33-4677-a736-38dc96c4b0f9"
              ],
              "failures": [],
              "pending": [],
              "skipped": [],
              "duration": 3385,
              "root": false,
              "rootEmpty": false,
              "_timeout": 2000
            }
          ],
          "passes": [],
          "failures": [],
          "pending": [],
          "skipped": [],
          "duration": 0,
          "root": false,
          "rootEmpty": false,
          "_timeout": 2000
        }
      ],
      "passes": [],
      "failures": [],
      "pending": [],
      "skipped": [],
      "duration": 0,
      "root": true,
      "rootEmpty": true,
      "_timeout": 2000
    }
  ],
  "meta": {
    "mocha": {
      "version": "7.2.0"
    },
    "mochawesome": {
      "options": {
        "quiet": false,
        "reportFilename": "mochawesome",
        "saveHtml": true,
        "saveJson": true,
        "consoleReporter": "spec",
        "useInlineDiffs": false,
        "code": true
      },
      "version": "7.1.4"
    },
    "marge": {
      "options": {
        "reportDir": "cypress/reports",
        "overwrite": false,
        "html": true,
        "json": true
      },
      "version": "6.3.2"
    }
  }
}