{
  "stats": {
    "suites": 4,
    "tests": 12,
    "passes": 10,
    "pending": 0,
    "failures": 2,
    "start": "2026-07-27T17:24:01.217Z",
    "end": "2026-07-27T17:24:36.324Z",
    "duration": 35107,
    "testsRegistered": 12,
    "passPercent": 83.33333333333334,
    "pendingPercent": 0,
    "other": 0,
    "hasOther": false,
    "skipped": 0,
    "hasSkipped": false
  },
  "results": [
    {
      "uuid": "9797c6d5-5949-4a1c-8585-2473aa51d4af",
      "title": "",
      "fullFile": "cypress\\e2e\\portfolio_e2e.cy.js",
      "file": "cypress\\e2e\\portfolio_e2e.cy.js",
      "beforeHooks": [],
      "afterHooks": [],
      "tests": [],
      "suites": [
        {
          "uuid": "4281d5b1-0540-44ff-b887-02fd4deba791",
          "title": "Portfolio Full-Stack Master E2E Automated Test Suite",
          "fullFile": "",
          "file": "",
          "beforeHooks": [],
          "afterHooks": [],
          "tests": [],
          "suites": [
            {
              "uuid": "daa8e210-b695-4518-9786-d1146df71c32",
              "title": "Hero Section & Social Navigation",
              "fullFile": "",
              "file": "",
              "beforeHooks": [],
              "afterHooks": [],
              "tests": [
                {
                  "title": "TC-HERO-01 [Positive]: Should display correct header quote and developer name",
                  "fullTitle": "Portfolio Full-Stack Master E2E Automated Test Suite Hero Section & Social Navigation TC-HERO-01 [Positive]: Should display correct header quote and developer name",
                  "timedOut": null,
                  "duration": 3016,
                  "state": "passed",
                  "speed": "fast",
                  "pass": true,
                  "fail": false,
                  "pending": false,
                  "context": null,
                  "code": "cy.get('.name').should('contain.text', 'Satheesh Kumar P');\ncy.get('.nav-quote').should('contain.text', 'Full stack developer by profession, product builder by passion');",
                  "err": {},
                  "uuid": "a8150ee9-08e7-4b05-b7e0-148d7d9ab9b5",
                  "parentUUID": "daa8e210-b695-4518-9786-d1146df71c32",
                  "isHook": false,
                  "skipped": false
                },
                {
                  "title": "TC-HERO-02 [Positive]: Should verify LeetCode, GitHub, and LinkedIn social profile links",
                  "fullTitle": "Portfolio Full-Stack Master E2E Automated Test Suite Hero Section & Social Navigation TC-HERO-02 [Positive]: Should verify LeetCode, GitHub, and LinkedIn social profile links",
                  "timedOut": null,
                  "duration": 743,
                  "state": "passed",
                  "speed": "fast",
                  "pass": true,
                  "fail": false,
                  "pending": false,
                  "context": null,
                  "code": "cy.get('a[aria-label=\"LeetCode\"]').should('have.attr', 'href', 'https://leetcode.com/u/satheeshkumar1501/').should('have.attr', 'target', '_blank');\ncy.get('a[aria-label=\"GitHub\"]').should('have.attr', 'href', 'https://github.com/satheesh1501').should('have.attr', 'target', '_blank');\ncy.get('a[aria-label=\"LinkedIn\"]').should('have.attr', 'href', 'https://www.linkedin.com/in/satheesh-kumar-p-24ab5427b/').should('have.attr', 'target', '_blank');",
                  "err": {},
                  "uuid": "9b7c71e1-e13b-47e4-9ac1-0c4d5a5bbbf2",
                  "parentUUID": "daa8e210-b695-4518-9786-d1146df71c32",
                  "isHook": false,
                  "skipped": false
                },
                {
                  "title": "TC-HERO-03 [Positive]: Should trigger Resume Download API and alert user",
                  "fullTitle": "Portfolio Full-Stack Master E2E Automated Test Suite Hero Section & Social Navigation TC-HERO-03 [Positive]: Should trigger Resume Download API and alert user",
                  "timedOut": null,
                  "duration": 926,
                  "state": "passed",
                  "speed": "fast",
                  "pass": true,
                  "fail": false,
                  "pending": false,
                  "context": null,
                  "code": "cy.contains('button', 'Download Resume ⬇').click();\ncy.get('.toast-container', {\n  timeout: 10000\n}).should('be.visible').and('contain.text', 'Resume download started!');",
                  "err": {},
                  "uuid": "4e3d0bbd-95da-4655-95f8-c5181b5413db",
                  "parentUUID": "daa8e210-b695-4518-9786-d1146df71c32",
                  "isHook": false,
                  "skipped": false
                }
              ],
              "suites": [],
              "passes": [
                "a8150ee9-08e7-4b05-b7e0-148d7d9ab9b5",
                "9b7c71e1-e13b-47e4-9ac1-0c4d5a5bbbf2",
                "4e3d0bbd-95da-4655-95f8-c5181b5413db"
              ],
              "failures": [],
              "pending": [],
              "skipped": [],
              "duration": 4685,
              "root": false,
              "rootEmpty": false,
              "_timeout": 2000
            },
            {
              "uuid": "3b73cfcf-66f5-47c0-adaf-c78b436515a7",
              "title": "Contact Form Pipeline & Validation",
              "fullFile": "",
              "file": "",
              "beforeHooks": [],
              "afterHooks": [],
              "tests": [
                {
                  "title": "TC-CONTACT-01 [Negative]: Should show in-line error messages when submitting empty form",
                  "fullTitle": "Portfolio Full-Stack Master E2E Automated Test Suite Contact Form Pipeline & Validation TC-CONTACT-01 [Negative]: Should show in-line error messages when submitting empty form",
                  "timedOut": null,
                  "duration": 613,
                  "state": "passed",
                  "speed": "fast",
                  "pass": true,
                  "fail": false,
                  "pending": false,
                  "context": null,
                  "code": "cy.get('#contact').scrollIntoView();\ncy.contains('button', 'Send Message →').click();\ncy.get('.error-text').should('have.length.at.least', 3);\ncy.contains('Name is required.').should('be.visible');\ncy.contains('Email is required.').should('be.visible');\ncy.contains('Subject is required.').should('be.visible');",
                  "err": {},
                  "uuid": "bc58d9af-6167-4243-9f00-177e51f18862",
                  "parentUUID": "3b73cfcf-66f5-47c0-adaf-c78b436515a7",
                  "isHook": false,
                  "skipped": false
                },
                {
                  "title": "TC-CONTACT-02 [Negative]: Should reject invalid email format (missing @)",
                  "fullTitle": "Portfolio Full-Stack Master E2E Automated Test Suite Contact Form Pipeline & Validation TC-CONTACT-02 [Negative]: Should reject invalid email format (missing @)",
                  "timedOut": null,
                  "duration": 3207,
                  "state": "passed",
                  "speed": "fast",
                  "pass": true,
                  "fail": false,
                  "pending": false,
                  "context": null,
                  "code": "cy.get('#contact').scrollIntoView();\ncy.get('input[placeholder=\"Your Name\"]').type('John Doe');\ncy.get('input[placeholder=\"Your Email\"]').type('invalid-email-format');\ncy.get('input[placeholder=\"Subject\"]').type('Hiring Inquiry');\ncy.get('textarea[placeholder*=\"Your Message\"]').type('Hello Satheesh, we would like to discuss an engineering role.');\ncy.contains('button', 'Send Message →').click();\ncy.contains('Please enter a valid email address').should('be.visible');",
                  "err": {},
                  "uuid": "9142057d-406c-44c9-9679-07c4923c1749",
                  "parentUUID": "3b73cfcf-66f5-47c0-adaf-c78b436515a7",
                  "isHook": false,
                  "skipped": false
                },
                {
                  "title": "TC-CONTACT-03 [Negative]: Should reject invalid special characters in subject",
                  "fullTitle": "Portfolio Full-Stack Master E2E Automated Test Suite Contact Form Pipeline & Validation TC-CONTACT-03 [Negative]: Should reject invalid special characters in subject",
                  "timedOut": null,
                  "duration": 3266,
                  "state": "passed",
                  "speed": "fast",
                  "pass": true,
                  "fail": false,
                  "pending": false,
                  "context": null,
                  "code": "cy.get('#contact').scrollIntoView();\ncy.get('input[placeholder=\"Your Name\"]').type('Test User');\ncy.get('input[placeholder=\"Your Email\"]').type('test@example.com');\ncy.get('input[placeholder=\"Subject\"]').type('<script>alert(\"xss\")</script>');\ncy.get('textarea[placeholder*=\"Your Message\"]').type('Testing malicious payload injection prevention.');\ncy.contains('button', 'Send Message →').click();\ncy.contains('Subject contains invalid special characters').should('be.visible');",
                  "err": {},
                  "uuid": "1f284385-0820-4a00-90bc-b720177649be",
                  "parentUUID": "3b73cfcf-66f5-47c0-adaf-c78b436515a7",
                  "isHook": false,
                  "skipped": false
                },
                {
                  "title": "TC-CONTACT-04 [Positive]: Submit valid contact message",
                  "fullTitle": "Portfolio Full-Stack Master E2E Automated Test Suite Contact Form Pipeline & Validation TC-CONTACT-04 [Positive]: Submit valid contact message",
                  "timedOut": null,
                  "duration": 14396,
                  "state": "failed",
                  "speed": null,
                  "pass": false,
                  "fail": true,
                  "pending": false,
                  "context": null,
                  "code": "const uniqueId = Math.floor(100000 + Math.random() * 900000);\ncy.get('#contact').scrollIntoView();\ncy.get('input[placeholder=\"Your Name\"]').type(`Recruiter ${uniqueId}`);\ncy.get('input[placeholder=\"Your Email\"]').type(`recruiter_${uniqueId}@company.com`);\ncy.get('input[placeholder=\"Subject\"]').type('Senior Full Stack Developer Opportunity');\ncy.get('textarea[placeholder*=\"Your Message\"]').type('Hi Satheesh, we were impressed by your Java 21 microservices portfolio and would love to connect!');\ncy.contains('button', 'Send Message →').click();\n// Should show success or rate limit warning toast\ncy.get('.toast-container', {\n  timeout: 10000\n}).should('be.visible').and($toast => {\n  const text = $toast.text();\n  expect(text).to.match(/Your message has been sent to Satheesh|submitted a message recently/);\n});",
                  "err": {
                    "message": "AssertionError: Timed out retrying after 10000ms: Expected to find element: `.toast-container`, but never found it.",
                    "estack": "AssertionError: Timed out retrying after 10000ms: Expected to find element: `.toast-container`, but never found it.\n    at Context.eval (webpack://portfolio-frontend/./cypress/e2e/portfolio_e2e.cy.js:84:9)",
                    "diff": null
                  },
                  "uuid": "a5daaa67-2c7f-4161-8893-53532158c900",
                  "parentUUID": "3b73cfcf-66f5-47c0-adaf-c78b436515a7",
                  "isHook": false,
                  "skipped": false
                }
              ],
              "suites": [],
              "passes": [
                "bc58d9af-6167-4243-9f00-177e51f18862",
                "9142057d-406c-44c9-9679-07c4923c1749",
                "1f284385-0820-4a00-90bc-b720177649be"
              ],
              "failures": [
                "a5daaa67-2c7f-4161-8893-53532158c900"
              ],
              "pending": [],
              "skipped": [],
              "duration": 21482,
              "root": false,
              "rootEmpty": false,
              "_timeout": 2000
            },
            {
              "uuid": "9ce730a1-5592-47a1-8d07-7fd75aef7ef8",
              "title": "AI Chatbot Engine & Boundary Tests",
              "fullFile": "",
              "file": "",
              "beforeHooks": [],
              "afterHooks": [],
              "tests": [
                {
                  "title": "TC-AI-01 [Positive]: Should open drawer with single welcome message and starter chips",
                  "fullTitle": "Portfolio Full-Stack Master E2E Automated Test Suite AI Chatbot Engine & Boundary Tests TC-AI-01 [Positive]: Should open drawer with single welcome message and starter chips",
                  "timedOut": null,
                  "duration": 811,
                  "state": "passed",
                  "speed": "fast",
                  "pass": true,
                  "fail": false,
                  "pending": false,
                  "context": null,
                  "code": "cy.get('.chat-widget-button').click();\ncy.get('#chatPanel').should('be.visible');\ncy.get('.ai-bubble').should('have.length', 1).and('contain.text', \"Hi! I'm Satheesh's AI Portfolio Assistant\");\ncy.get('.suggested-chip').should('have.length', 4);",
                  "err": {},
                  "uuid": "1ee5e4ae-b164-4471-b475-504a3be8c851",
                  "parentUUID": "9ce730a1-5592-47a1-8d07-7fd75aef7ef8",
                  "isHook": false,
                  "skipped": false
                },
                {
                  "title": "TC-AI-02 [Positive]: Should handle LeetCode starter chip click",
                  "fullTitle": "Portfolio Full-Stack Master E2E Automated Test Suite AI Chatbot Engine & Boundary Tests TC-AI-02 [Positive]: Should handle LeetCode starter chip click",
                  "timedOut": null,
                  "duration": 4734,
                  "state": "failed",
                  "speed": null,
                  "pass": false,
                  "fail": true,
                  "pending": false,
                  "context": null,
                  "code": "cy.get('.chat-widget-button').click();\ncy.contains('.suggested-chip', 'LeetCode Milestones').click();\ncy.get('.user-bubble').should('contain.text', 'LeetCode Milestones');\ncy.get('.ai-bubble').last().should('contain.text', '138+ Data Structures & Algorithms problems');",
                  "err": {
                    "message": "AssertionError: Timed out retrying after 4000ms: expected '<div.ai-bubble>' to contain text '138+ Data Structures & Algorithms problems', but the text was 'Too many requests. Please try again after some time.'",
                    "estack": "AssertionError: Timed out retrying after 4000ms: expected '<div.ai-bubble>' to contain text '138+ Data Structures & Algorithms problems', but the text was 'Too many requests. Please try again after some time.'\n    at Context.eval (webpack://portfolio-frontend/./cypress/e2e/portfolio_e2e.cy.js:111:34)",
                    "diff": "- 'Too many requests. Please try again after some time.'\n+ '138+ Data Structures & Algorithms problems'\n"
                  },
                  "uuid": "78bf359b-bc46-478c-9b92-654d8c41d552",
                  "parentUUID": "9ce730a1-5592-47a1-8d07-7fd75aef7ef8",
                  "isHook": false,
                  "skipped": false
                },
                {
                  "title": "TC-AI-03 [Positive]: Should resolve NLP query \"his skills\"",
                  "fullTitle": "Portfolio Full-Stack Master E2E Automated Test Suite AI Chatbot Engine & Boundary Tests TC-AI-03 [Positive]: Should resolve NLP query \"his skills\"",
                  "timedOut": null,
                  "duration": 561,
                  "state": "passed",
                  "speed": "fast",
                  "pass": true,
                  "fail": false,
                  "pending": false,
                  "context": null,
                  "code": "cy.get('.chat-widget-button').click();\ncy.get('input[placeholder*=\"Ask anything\"]').type('his skills{enter}');\ncy.get('.user-bubble').should('contain.text', 'his skills');\ncy.get('.ai-bubble').last().should('contain.text', 'Java 21, Spring Boot 3, Spring Security');",
                  "err": {},
                  "uuid": "c6ba66e8-f105-419b-9dfa-bd458421749e",
                  "parentUUID": "9ce730a1-5592-47a1-8d07-7fd75aef7ef8",
                  "isHook": false,
                  "skipped": false
                },
                {
                  "title": "TC-AI-04 [Positive]: Should resolve NLP query \"what company he looking for\"",
                  "fullTitle": "Portfolio Full-Stack Master E2E Automated Test Suite AI Chatbot Engine & Boundary Tests TC-AI-04 [Positive]: Should resolve NLP query \"what company he looking for\"",
                  "timedOut": null,
                  "duration": 1032,
                  "state": "passed",
                  "speed": "fast",
                  "pass": true,
                  "fail": false,
                  "pending": false,
                  "context": null,
                  "code": "cy.get('.chat-widget-button').click();\ncy.get('input[placeholder*=\"Ask anything\"]').type('what company he looking for{enter}');\ncy.get('.user-bubble').should('contain.text', 'what company he looking for');\ncy.get('.ai-bubble').last().should('contain.text', 'Senior / Mid-Level Full Stack Developer');",
                  "err": {},
                  "uuid": "873a4b5b-34b4-4fdf-8952-6d78cb4753de",
                  "parentUUID": "9ce730a1-5592-47a1-8d07-7fd75aef7ef8",
                  "isHook": false,
                  "skipped": false
                },
                {
                  "title": "TC-AI-05 [Negative]: Should strictly reject off-topic query \"what is the weather in London\"",
                  "fullTitle": "Portfolio Full-Stack Master E2E Automated Test Suite AI Chatbot Engine & Boundary Tests TC-AI-05 [Negative]: Should strictly reject off-topic query \"what is the weather in London\"",
                  "timedOut": null,
                  "duration": 1056,
                  "state": "passed",
                  "speed": "fast",
                  "pass": true,
                  "fail": false,
                  "pending": false,
                  "context": null,
                  "code": "cy.get('.chat-widget-button').click();\ncy.get('input[placeholder*=\"Ask anything\"]').type('what is the weather in London{enter}');\ncy.get('.user-bubble').should('contain.text', 'what is the weather in London');\ncy.get('.ai-bubble').last().should('contain.text', 'Please ask a valid question about Satheesh Kumar P!');",
                  "err": {},
                  "uuid": "fc6aa741-7c62-45c4-8e9a-1ffeb5914afd",
                  "parentUUID": "9ce730a1-5592-47a1-8d07-7fd75aef7ef8",
                  "isHook": false,
                  "skipped": false
                }
              ],
              "suites": [],
              "passes": [
                "1ee5e4ae-b164-4471-b475-504a3be8c851",
                "c6ba66e8-f105-419b-9dfa-bd458421749e",
                "873a4b5b-34b4-4fdf-8952-6d78cb4753de",
                "fc6aa741-7c62-45c4-8e9a-1ffeb5914afd"
              ],
              "failures": [
                "78bf359b-bc46-478c-9b92-654d8c41d552"
              ],
              "pending": [],
              "skipped": [],
              "duration": 8194,
              "root": false,
              "rootEmpty": false,
              "_timeout": 2000
            }
          ],
          "passes": [],
          "failures": [],
          "pending": [],
          "skipped": [],
          "duration": 0,
          "root": false,
          "rootEmpty": false,
          "_timeout": 2000
        }
      ],
      "passes": [],
      "failures": [],
      "pending": [],
      "skipped": [],
      "duration": 0,
      "root": true,
      "rootEmpty": true,
      "_timeout": 2000
    }
  ],
  "meta": {
    "mocha": {
      "version": "7.2.0"
    },
    "mochawesome": {
      "options": {
        "quiet": false,
        "reportFilename": "mochawesome",
        "saveHtml": true,
        "saveJson": true,
        "consoleReporter": "spec",
        "useInlineDiffs": false,
        "code": true
      },
      "version": "7.1.4"
    },
    "marge": {
      "options": {
        "reportDir": "cypress/reports",
        "overwrite": false,
        "html": true,
        "json": true
      },
      "version": "6.3.2"
    }
  }
}