{
  "stats": {
    "suites": 4,
    "tests": 12,
    "passes": 11,
    "pending": 0,
    "failures": 1,
    "start": "2026-07-27T17:24:57.309Z",
    "end": "2026-07-27T17:25:23.359Z",
    "duration": 26050,
    "testsRegistered": 12,
    "passPercent": 91.66666666666666,
    "pendingPercent": 0,
    "other": 0,
    "hasOther": false,
    "skipped": 0,
    "hasSkipped": false
  },
  "results": [
    {
      "uuid": "4421d450-f7b3-4b57-aa09-34449c492db5",
      "title": "",
      "fullFile": "cypress\\e2e\\portfolio_e2e.cy.js",
      "file": "cypress\\e2e\\portfolio_e2e.cy.js",
      "beforeHooks": [],
      "afterHooks": [],
      "tests": [],
      "suites": [
        {
          "uuid": "88cb97a2-7a73-4475-a074-07ec23c139f1",
          "title": "Portfolio Full-Stack Master E2E Automated Test Suite",
          "fullFile": "",
          "file": "",
          "beforeHooks": [],
          "afterHooks": [],
          "tests": [],
          "suites": [
            {
              "uuid": "30ad658d-bd97-43b0-a61a-48971fd8ab68",
              "title": "Hero Section & Social Navigation",
              "fullFile": "",
              "file": "",
              "beforeHooks": [],
              "afterHooks": [],
              "tests": [
                {
                  "title": "TC-HERO-01 [Positive]: Should display correct header quote and developer name",
                  "fullTitle": "Portfolio Full-Stack Master E2E Automated Test Suite Hero Section & Social Navigation TC-HERO-01 [Positive]: Should display correct header quote and developer name",
                  "timedOut": null,
                  "duration": 1923,
                  "state": "passed",
                  "speed": "fast",
                  "pass": true,
                  "fail": false,
                  "pending": false,
                  "context": null,
                  "code": "cy.get('.name').should('contain.text', 'Satheesh Kumar P');\ncy.get('.nav-quote').should('contain.text', 'Full stack developer by profession, product builder by passion');",
                  "err": {},
                  "uuid": "33a3d94a-66d5-469d-adeb-6498107d3f97",
                  "parentUUID": "30ad658d-bd97-43b0-a61a-48971fd8ab68",
                  "isHook": false,
                  "skipped": false
                },
                {
                  "title": "TC-HERO-02 [Positive]: Should verify LeetCode, GitHub, and LinkedIn social profile links",
                  "fullTitle": "Portfolio Full-Stack Master E2E Automated Test Suite Hero Section & Social Navigation TC-HERO-02 [Positive]: Should verify LeetCode, GitHub, and LinkedIn social profile links",
                  "timedOut": null,
                  "duration": 363,
                  "state": "passed",
                  "speed": "fast",
                  "pass": true,
                  "fail": false,
                  "pending": false,
                  "context": null,
                  "code": "cy.get('a[aria-label=\"LeetCode\"]').should('have.attr', 'href', 'https://leetcode.com/u/satheeshkumar1501/').should('have.attr', 'target', '_blank');\ncy.get('a[aria-label=\"GitHub\"]').should('have.attr', 'href', 'https://github.com/satheesh1501').should('have.attr', 'target', '_blank');\ncy.get('a[aria-label=\"LinkedIn\"]').should('have.attr', 'href', 'https://www.linkedin.com/in/satheesh-kumar-p-24ab5427b/').should('have.attr', 'target', '_blank');",
                  "err": {},
                  "uuid": "2d52ab06-bff5-4647-8d23-c18ce10117ce",
                  "parentUUID": "30ad658d-bd97-43b0-a61a-48971fd8ab68",
                  "isHook": false,
                  "skipped": false
                },
                {
                  "title": "TC-HERO-03 [Positive]: Should trigger Resume Download API and alert user",
                  "fullTitle": "Portfolio Full-Stack Master E2E Automated Test Suite Hero Section & Social Navigation TC-HERO-03 [Positive]: Should trigger Resume Download API and alert user",
                  "timedOut": null,
                  "duration": 807,
                  "state": "passed",
                  "speed": "fast",
                  "pass": true,
                  "fail": false,
                  "pending": false,
                  "context": null,
                  "code": "cy.contains('button', 'Download Resume ⬇').click();\ncy.get('.toast-container', {\n  timeout: 10000\n}).should('be.visible').and('contain.text', 'Resume download started!');",
                  "err": {},
                  "uuid": "5f8e71cf-009a-4561-8f08-11ad875ad8c5",
                  "parentUUID": "30ad658d-bd97-43b0-a61a-48971fd8ab68",
                  "isHook": false,
                  "skipped": false
                }
              ],
              "suites": [],
              "passes": [
                "33a3d94a-66d5-469d-adeb-6498107d3f97",
                "2d52ab06-bff5-4647-8d23-c18ce10117ce",
                "5f8e71cf-009a-4561-8f08-11ad875ad8c5"
              ],
              "failures": [],
              "pending": [],
              "skipped": [],
              "duration": 3093,
              "root": false,
              "rootEmpty": false,
              "_timeout": 2000
            },
            {
              "uuid": "bd157473-b72a-4162-b0dc-6037793958fd",
              "title": "Contact Form Pipeline & Validation",
              "fullFile": "",
              "file": "",
              "beforeHooks": [],
              "afterHooks": [],
              "tests": [
                {
                  "title": "TC-CONTACT-01 [Negative]: Should show in-line error messages when submitting empty form",
                  "fullTitle": "Portfolio Full-Stack Master E2E Automated Test Suite Contact Form Pipeline & Validation TC-CONTACT-01 [Negative]: Should show in-line error messages when submitting empty form",
                  "timedOut": null,
                  "duration": 394,
                  "state": "passed",
                  "speed": "fast",
                  "pass": true,
                  "fail": false,
                  "pending": false,
                  "context": null,
                  "code": "cy.get('#contact').scrollIntoView();\ncy.contains('button', 'Send Message →').click();\ncy.get('.error-text').should('have.length.at.least', 3);\ncy.contains('Name is required.').should('be.visible');\ncy.contains('Email is required.').should('be.visible');\ncy.contains('Subject is required.').should('be.visible');",
                  "err": {},
                  "uuid": "b629d179-c7bc-4973-957b-29321161c1a9",
                  "parentUUID": "bd157473-b72a-4162-b0dc-6037793958fd",
                  "isHook": false,
                  "skipped": false
                },
                {
                  "title": "TC-CONTACT-02 [Negative]: Should reject invalid email format (missing @)",
                  "fullTitle": "Portfolio Full-Stack Master E2E Automated Test Suite Contact Form Pipeline & Validation TC-CONTACT-02 [Negative]: Should reject invalid email format (missing @)",
                  "timedOut": null,
                  "duration": 2412,
                  "state": "passed",
                  "speed": "fast",
                  "pass": true,
                  "fail": false,
                  "pending": false,
                  "context": null,
                  "code": "cy.get('#contact').scrollIntoView();\ncy.get('input[placeholder=\"Your Name\"]').type('John Doe');\ncy.get('input[placeholder=\"Your Email\"]').type('invalid-email-format');\ncy.get('input[placeholder=\"Subject\"]').type('Hiring Inquiry');\ncy.get('textarea[placeholder*=\"Your Message\"]').type('Hello Satheesh, we would like to discuss an engineering role.');\ncy.contains('button', 'Send Message →').click();\ncy.contains('Please enter a valid email address').should('be.visible');",
                  "err": {},
                  "uuid": "9de3e0ee-6746-46c1-9b23-9310acec0f2f",
                  "parentUUID": "bd157473-b72a-4162-b0dc-6037793958fd",
                  "isHook": false,
                  "skipped": false
                },
                {
                  "title": "TC-CONTACT-03 [Negative]: Should reject invalid special characters in subject",
                  "fullTitle": "Portfolio Full-Stack Master E2E Automated Test Suite Contact Form Pipeline & Validation TC-CONTACT-03 [Negative]: Should reject invalid special characters in subject",
                  "timedOut": null,
                  "duration": 2263,
                  "state": "passed",
                  "speed": "fast",
                  "pass": true,
                  "fail": false,
                  "pending": false,
                  "context": null,
                  "code": "cy.get('#contact').scrollIntoView();\ncy.get('input[placeholder=\"Your Name\"]').type('Test User');\ncy.get('input[placeholder=\"Your Email\"]').type('test@example.com');\ncy.get('input[placeholder=\"Subject\"]').type('<script>alert(\"xss\")</script>');\ncy.get('textarea[placeholder*=\"Your Message\"]').type('Testing malicious payload injection prevention.');\ncy.contains('button', 'Send Message →').click();\ncy.contains('Subject contains invalid special characters').should('be.visible');",
                  "err": {},
                  "uuid": "e0f6fcae-c1a4-463b-8019-1533ab87a0e2",
                  "parentUUID": "bd157473-b72a-4162-b0dc-6037793958fd",
                  "isHook": false,
                  "skipped": false
                },
                {
                  "title": "TC-CONTACT-04 [Positive]: Submit valid contact message",
                  "fullTitle": "Portfolio Full-Stack Master E2E Automated Test Suite Contact Form Pipeline & Validation TC-CONTACT-04 [Positive]: Submit valid contact message",
                  "timedOut": null,
                  "duration": 13432,
                  "state": "failed",
                  "speed": null,
                  "pass": false,
                  "fail": true,
                  "pending": false,
                  "context": null,
                  "code": "const uniqueId = Math.floor(100000 + Math.random() * 900000);\ncy.get('#contact').scrollIntoView();\ncy.get('input[placeholder=\"Your Name\"]').type(`Recruiter ${uniqueId}`);\ncy.get('input[placeholder=\"Your Email\"]').type(`recruiter_${uniqueId}@company.com`);\ncy.get('input[placeholder=\"Subject\"]').type('Senior Full Stack Developer Opportunity');\ncy.get('textarea[placeholder*=\"Your Message\"]').type('Hi Satheesh, we were impressed by your Java 21 microservices portfolio and would love to connect!');\ncy.contains('button', 'Send Message →').click();\n// Should show success or rate limit warning toast\ncy.get('.toast-container', {\n  timeout: 10000\n}).should('be.visible').and($toast => {\n  const text = $toast.text();\n  expect(text).to.match(/Your message has been sent to Satheesh|submitted a message recently/);\n});",
                  "err": {
                    "message": "AssertionError: Timed out retrying after 10000ms: Expected to find element: `.toast-container`, but never found it.",
                    "estack": "AssertionError: Timed out retrying after 10000ms: Expected to find element: `.toast-container`, but never found it.\n    at Context.eval (webpack://portfolio-frontend/./cypress/e2e/portfolio_e2e.cy.js:84:9)",
                    "diff": null
                  },
                  "uuid": "ac848db9-9c24-4531-9ffd-773cbb92a9bf",
                  "parentUUID": "bd157473-b72a-4162-b0dc-6037793958fd",
                  "isHook": false,
                  "skipped": false
                }
              ],
              "suites": [],
              "passes": [
                "b629d179-c7bc-4973-957b-29321161c1a9",
                "9de3e0ee-6746-46c1-9b23-9310acec0f2f",
                "e0f6fcae-c1a4-463b-8019-1533ab87a0e2"
              ],
              "failures": [
                "ac848db9-9c24-4531-9ffd-773cbb92a9bf"
              ],
              "pending": [],
              "skipped": [],
              "duration": 18501,
              "root": false,
              "rootEmpty": false,
              "_timeout": 2000
            },
            {
              "uuid": "2cdcd19d-4a21-48b2-a17c-23a98aeb4ee1",
              "title": "AI Chatbot Engine & Boundary Tests",
              "fullFile": "",
              "file": "",
              "beforeHooks": [],
              "afterHooks": [],
              "tests": [
                {
                  "title": "TC-AI-01 [Positive]: Should open drawer with single welcome message and starter chips",
                  "fullTitle": "Portfolio Full-Stack Master E2E Automated Test Suite AI Chatbot Engine & Boundary Tests TC-AI-01 [Positive]: Should open drawer with single welcome message and starter chips",
                  "timedOut": null,
                  "duration": 767,
                  "state": "passed",
                  "speed": "fast",
                  "pass": true,
                  "fail": false,
                  "pending": false,
                  "context": null,
                  "code": "cy.get('.chat-widget-button').click();\ncy.get('#chatPanel').should('be.visible');\ncy.get('.ai-bubble').should('have.length', 1).and('contain.text', \"Hi! I'm Satheesh's AI Portfolio Assistant\");\ncy.get('.suggested-chip').should('have.length', 4);",
                  "err": {},
                  "uuid": "e877e654-2650-42d8-8c36-c884bcd8b5f4",
                  "parentUUID": "2cdcd19d-4a21-48b2-a17c-23a98aeb4ee1",
                  "isHook": false,
                  "skipped": false
                },
                {
                  "title": "TC-AI-02 [Positive]: Should handle LeetCode starter chip click",
                  "fullTitle": "Portfolio Full-Stack Master E2E Automated Test Suite AI Chatbot Engine & Boundary Tests TC-AI-02 [Positive]: Should handle LeetCode starter chip click",
                  "timedOut": null,
                  "duration": 411,
                  "state": "passed",
                  "speed": "fast",
                  "pass": true,
                  "fail": false,
                  "pending": false,
                  "context": null,
                  "code": "cy.get('.chat-widget-button').click();\ncy.contains('.suggested-chip', 'LeetCode Milestones').click();\ncy.get('.user-bubble').should('contain.text', 'LeetCode Milestones');\ncy.get('.ai-bubble').last().should('contain.text', '138+ Data Structures & Algorithms problems');",
                  "err": {},
                  "uuid": "61959e6b-4137-46ce-ad4e-098f2e84aec0",
                  "parentUUID": "2cdcd19d-4a21-48b2-a17c-23a98aeb4ee1",
                  "isHook": false,
                  "skipped": false
                },
                {
                  "title": "TC-AI-03 [Positive]: Should resolve NLP query \"his skills\"",
                  "fullTitle": "Portfolio Full-Stack Master E2E Automated Test Suite AI Chatbot Engine & Boundary Tests TC-AI-03 [Positive]: Should resolve NLP query \"his skills\"",
                  "timedOut": null,
                  "duration": 607,
                  "state": "passed",
                  "speed": "fast",
                  "pass": true,
                  "fail": false,
                  "pending": false,
                  "context": null,
                  "code": "cy.get('.chat-widget-button').click();\ncy.get('input[placeholder*=\"Ask anything\"]').type('his skills{enter}');\ncy.get('.user-bubble').should('contain.text', 'his skills');\ncy.get('.ai-bubble').last().should('contain.text', 'Java 21, Spring Boot 3, Spring Security');",
                  "err": {},
                  "uuid": "c0a15430-ede1-4980-a86e-dafde684fef9",
                  "parentUUID": "2cdcd19d-4a21-48b2-a17c-23a98aeb4ee1",
                  "isHook": false,
                  "skipped": false
                },
                {
                  "title": "TC-AI-04 [Positive]: Should resolve NLP query \"what company he looking for\"",
                  "fullTitle": "Portfolio Full-Stack Master E2E Automated Test Suite AI Chatbot Engine & Boundary Tests TC-AI-04 [Positive]: Should resolve NLP query \"what company he looking for\"",
                  "timedOut": null,
                  "duration": 837,
                  "state": "passed",
                  "speed": "fast",
                  "pass": true,
                  "fail": false,
                  "pending": false,
                  "context": null,
                  "code": "cy.get('.chat-widget-button').click();\ncy.get('input[placeholder*=\"Ask anything\"]').type('what company he looking for{enter}');\ncy.get('.user-bubble').should('contain.text', 'what company he looking for');\ncy.get('.ai-bubble').last().should('contain.text', 'Senior / Mid-Level Full Stack Developer');",
                  "err": {},
                  "uuid": "8423f174-d1a3-420c-adb5-31726d041571",
                  "parentUUID": "2cdcd19d-4a21-48b2-a17c-23a98aeb4ee1",
                  "isHook": false,
                  "skipped": false
                },
                {
                  "title": "TC-AI-05 [Negative]: Should strictly reject off-topic query \"what is the weather in London\"",
                  "fullTitle": "Portfolio Full-Stack Master E2E Automated Test Suite AI Chatbot Engine & Boundary Tests TC-AI-05 [Negative]: Should strictly reject off-topic query \"what is the weather in London\"",
                  "timedOut": null,
                  "duration": 1296,
                  "state": "passed",
                  "speed": "fast",
                  "pass": true,
                  "fail": false,
                  "pending": false,
                  "context": null,
                  "code": "cy.get('.chat-widget-button').click();\ncy.get('input[placeholder*=\"Ask anything\"]').type('what is the weather in London{enter}');\ncy.get('.user-bubble').should('contain.text', 'what is the weather in London');\ncy.get('.ai-bubble').last().should('contain.text', 'Please ask a valid question about Satheesh Kumar P!');",
                  "err": {},
                  "uuid": "d49d4f2d-e751-407c-9a85-65d3f31f445f",
                  "parentUUID": "2cdcd19d-4a21-48b2-a17c-23a98aeb4ee1",
                  "isHook": false,
                  "skipped": false
                }
              ],
              "suites": [],
              "passes": [
                "e877e654-2650-42d8-8c36-c884bcd8b5f4",
                "61959e6b-4137-46ce-ad4e-098f2e84aec0",
                "c0a15430-ede1-4980-a86e-dafde684fef9",
                "8423f174-d1a3-420c-adb5-31726d041571",
                "d49d4f2d-e751-407c-9a85-65d3f31f445f"
              ],
              "failures": [],
              "pending": [],
              "skipped": [],
              "duration": 3918,
              "root": false,
              "rootEmpty": false,
              "_timeout": 2000
            }
          ],
          "passes": [],
          "failures": [],
          "pending": [],
          "skipped": [],
          "duration": 0,
          "root": false,
          "rootEmpty": false,
          "_timeout": 2000
        }
      ],
      "passes": [],
      "failures": [],
      "pending": [],
      "skipped": [],
      "duration": 0,
      "root": true,
      "rootEmpty": true,
      "_timeout": 2000
    }
  ],
  "meta": {
    "mocha": {
      "version": "7.2.0"
    },
    "mochawesome": {
      "options": {
        "quiet": false,
        "reportFilename": "mochawesome",
        "saveHtml": true,
        "saveJson": true,
        "consoleReporter": "spec",
        "useInlineDiffs": false,
        "code": true
      },
      "version": "7.1.4"
    },
    "marge": {
      "options": {
        "reportDir": "cypress/reports",
        "overwrite": false,
        "html": true,
        "json": true
      },
      "version": "6.3.2"
    }
  }
}