{
  "stats": {
    "suites": 4,
    "tests": 12,
    "passes": 11,
    "pending": 0,
    "failures": 1,
    "start": "2026-07-27T17:22:30.460Z",
    "end": "2026-07-27T17:23:02.505Z",
    "duration": 32045,
    "testsRegistered": 12,
    "passPercent": 91.66666666666666,
    "pendingPercent": 0,
    "other": 0,
    "hasOther": false,
    "skipped": 0,
    "hasSkipped": false
  },
  "results": [
    {
      "uuid": "f1c6b71f-f2c1-4b34-a36c-8859279c2a0a",
      "title": "",
      "fullFile": "cypress\\e2e\\portfolio_e2e.cy.js",
      "file": "cypress\\e2e\\portfolio_e2e.cy.js",
      "beforeHooks": [],
      "afterHooks": [],
      "tests": [],
      "suites": [
        {
          "uuid": "f8f3e293-89a6-4a98-be93-1ebb1dc8c482",
          "title": "Portfolio Full-Stack Master E2E Automated Test Suite",
          "fullFile": "",
          "file": "",
          "beforeHooks": [],
          "afterHooks": [],
          "tests": [],
          "suites": [
            {
              "uuid": "d0428da4-21a3-4dad-9305-f8807780a71f",
              "title": "Hero Section & Social Navigation",
              "fullFile": "",
              "file": "",
              "beforeHooks": [],
              "afterHooks": [],
              "tests": [
                {
                  "title": "TC-HERO-01 [Positive]: Should display correct header quote and developer name",
                  "fullTitle": "Portfolio Full-Stack Master E2E Automated Test Suite Hero Section & Social Navigation TC-HERO-01 [Positive]: Should display correct header quote and developer name",
                  "timedOut": null,
                  "duration": 2529,
                  "state": "passed",
                  "speed": "fast",
                  "pass": true,
                  "fail": false,
                  "pending": false,
                  "context": null,
                  "code": "cy.get('.name').should('contain.text', 'Satheesh Kumar P');\ncy.get('.nav-quote').should('contain.text', 'Full stack developer by profession, product builder by passion');",
                  "err": {},
                  "uuid": "ddf3e57d-9c8a-48d1-8e35-51d17b743187",
                  "parentUUID": "d0428da4-21a3-4dad-9305-f8807780a71f",
                  "isHook": false,
                  "skipped": false
                },
                {
                  "title": "TC-HERO-02 [Positive]: Should verify LeetCode, GitHub, and LinkedIn social profile links",
                  "fullTitle": "Portfolio Full-Stack Master E2E Automated Test Suite Hero Section & Social Navigation TC-HERO-02 [Positive]: Should verify LeetCode, GitHub, and LinkedIn social profile links",
                  "timedOut": null,
                  "duration": 481,
                  "state": "passed",
                  "speed": "fast",
                  "pass": true,
                  "fail": false,
                  "pending": false,
                  "context": null,
                  "code": "cy.get('a[aria-label=\"LeetCode\"]').should('have.attr', 'href', 'https://leetcode.com/u/satheeshkumar1501/').should('have.attr', 'target', '_blank');\ncy.get('a[aria-label=\"GitHub\"]').should('have.attr', 'href', 'https://github.com/satheesh1501').should('have.attr', 'target', '_blank');\ncy.get('a[aria-label=\"LinkedIn\"]').should('have.attr', 'href', 'https://www.linkedin.com/in/satheesh-kumar-p-24ab5427b/').should('have.attr', 'target', '_blank');",
                  "err": {},
                  "uuid": "cbc9bd8d-1458-4820-99dd-74c9834c7657",
                  "parentUUID": "d0428da4-21a3-4dad-9305-f8807780a71f",
                  "isHook": false,
                  "skipped": false
                },
                {
                  "title": "TC-HERO-03 [Positive]: Should trigger Resume Download API and alert user",
                  "fullTitle": "Portfolio Full-Stack Master E2E Automated Test Suite Hero Section & Social Navigation TC-HERO-03 [Positive]: Should trigger Resume Download API and alert user",
                  "timedOut": null,
                  "duration": 873,
                  "state": "passed",
                  "speed": "fast",
                  "pass": true,
                  "fail": false,
                  "pending": false,
                  "context": null,
                  "code": "cy.contains('button', 'Download Resume ⬇').click();\ncy.get('.toast-container', {\n  timeout: 10000\n}).should('be.visible').and('contain.text', 'Resume download started!');",
                  "err": {},
                  "uuid": "24256b34-4e74-426a-be00-6351484f3f67",
                  "parentUUID": "d0428da4-21a3-4dad-9305-f8807780a71f",
                  "isHook": false,
                  "skipped": false
                }
              ],
              "suites": [],
              "passes": [
                "ddf3e57d-9c8a-48d1-8e35-51d17b743187",
                "cbc9bd8d-1458-4820-99dd-74c9834c7657",
                "24256b34-4e74-426a-be00-6351484f3f67"
              ],
              "failures": [],
              "pending": [],
              "skipped": [],
              "duration": 3883,
              "root": false,
              "rootEmpty": false,
              "_timeout": 2000
            },
            {
              "uuid": "40a593f5-b0bd-47a0-aa6d-86b942182d61",
              "title": "Contact Form Pipeline & Validation",
              "fullFile": "",
              "file": "",
              "beforeHooks": [],
              "afterHooks": [],
              "tests": [
                {
                  "title": "TC-CONTACT-01 [Negative]: Should show in-line error messages when submitting empty form",
                  "fullTitle": "Portfolio Full-Stack Master E2E Automated Test Suite Contact Form Pipeline & Validation TC-CONTACT-01 [Negative]: Should show in-line error messages when submitting empty form",
                  "timedOut": null,
                  "duration": 604,
                  "state": "passed",
                  "speed": "fast",
                  "pass": true,
                  "fail": false,
                  "pending": false,
                  "context": null,
                  "code": "cy.get('#contact').scrollIntoView();\ncy.contains('button', 'Send Message →').click();\ncy.get('.error-text').should('have.length.at.least', 3);\ncy.contains('Name is required.').should('be.visible');\ncy.contains('Email is required.').should('be.visible');\ncy.contains('Subject is required.').should('be.visible');",
                  "err": {},
                  "uuid": "bbffd97d-0cf5-42f2-aa2c-50cbb4c18f10",
                  "parentUUID": "40a593f5-b0bd-47a0-aa6d-86b942182d61",
                  "isHook": false,
                  "skipped": false
                },
                {
                  "title": "TC-CONTACT-02 [Negative]: Should reject invalid email format (missing @)",
                  "fullTitle": "Portfolio Full-Stack Master E2E Automated Test Suite Contact Form Pipeline & Validation TC-CONTACT-02 [Negative]: Should reject invalid email format (missing @)",
                  "timedOut": null,
                  "duration": 3210,
                  "state": "passed",
                  "speed": "fast",
                  "pass": true,
                  "fail": false,
                  "pending": false,
                  "context": null,
                  "code": "cy.get('#contact').scrollIntoView();\ncy.get('input[placeholder=\"Your Name\"]').type('John Doe');\ncy.get('input[placeholder=\"Your Email\"]').type('invalid-email-format');\ncy.get('input[placeholder=\"Subject\"]').type('Hiring Inquiry');\ncy.get('textarea[placeholder*=\"Your Message\"]').type('Hello Satheesh, we would like to discuss an engineering role.');\ncy.contains('button', 'Send Message →').click();\ncy.contains('Please enter a valid email address').should('be.visible');",
                  "err": {},
                  "uuid": "f7f48eef-9902-437a-9941-817fbabc6eae",
                  "parentUUID": "40a593f5-b0bd-47a0-aa6d-86b942182d61",
                  "isHook": false,
                  "skipped": false
                },
                {
                  "title": "TC-CONTACT-03 [Negative]: Should reject invalid special characters in subject",
                  "fullTitle": "Portfolio Full-Stack Master E2E Automated Test Suite Contact Form Pipeline & Validation TC-CONTACT-03 [Negative]: Should reject invalid special characters in subject",
                  "timedOut": null,
                  "duration": 3167,
                  "state": "passed",
                  "speed": "fast",
                  "pass": true,
                  "fail": false,
                  "pending": false,
                  "context": null,
                  "code": "cy.get('#contact').scrollIntoView();\ncy.get('input[placeholder=\"Your Name\"]').type('Test User');\ncy.get('input[placeholder=\"Your Email\"]').type('test@example.com');\ncy.get('input[placeholder=\"Subject\"]').type('<script>alert(\"xss\")</script>');\ncy.get('textarea[placeholder*=\"Your Message\"]').type('Testing malicious payload injection prevention.');\ncy.contains('button', 'Send Message →').click();\ncy.contains('Subject contains invalid special characters').should('be.visible');",
                  "err": {},
                  "uuid": "15d5dfd0-07ef-464a-b071-a297b44d26f5",
                  "parentUUID": "40a593f5-b0bd-47a0-aa6d-86b942182d61",
                  "isHook": false,
                  "skipped": false
                },
                {
                  "title": "TC-CONTACT-04 [Positive]: Submit valid contact message",
                  "fullTitle": "Portfolio Full-Stack Master E2E Automated Test Suite Contact Form Pipeline & Validation TC-CONTACT-04 [Positive]: Submit valid contact message",
                  "timedOut": null,
                  "duration": 14669,
                  "state": "failed",
                  "speed": null,
                  "pass": false,
                  "fail": true,
                  "pending": false,
                  "context": null,
                  "code": "const uniqueTimestamp = Date.now();\ncy.get('#contact').scrollIntoView();\ncy.get('input[placeholder=\"Your Name\"]').type(`Test Recruiter ${uniqueTimestamp}`);\ncy.get('input[placeholder=\"Your Email\"]').type(`recruiter_${uniqueTimestamp}@company.com`);\ncy.get('input[placeholder=\"Subject\"]').type('Senior Full Stack Developer Opportunity');\ncy.get('textarea[placeholder*=\"Your Message\"]').type('Hi Satheesh, we were impressed by your Java 21 microservices portfolio and would love to connect!');\ncy.contains('button', 'Send Message →').click();\ncy.get('.toast-container', {\n  timeout: 10000\n}).should('be.visible').and('contain.text', 'Your message has been sent to Satheesh!');",
                  "err": {
                    "message": "AssertionError: Timed out retrying after 10000ms: Expected to find element: `.toast-container`, but never found it.",
                    "estack": "AssertionError: Timed out retrying after 10000ms: Expected to find element: `.toast-container`, but never found it.\n    at Context.eval (webpack://portfolio-frontend/./cypress/e2e/portfolio_e2e.cy.js:82:53)",
                    "diff": null
                  },
                  "uuid": "2104587d-2dcf-4f5e-aefd-d4129a7f8899",
                  "parentUUID": "40a593f5-b0bd-47a0-aa6d-86b942182d61",
                  "isHook": false,
                  "skipped": false
                }
              ],
              "suites": [],
              "passes": [
                "bbffd97d-0cf5-42f2-aa2c-50cbb4c18f10",
                "f7f48eef-9902-437a-9941-817fbabc6eae",
                "15d5dfd0-07ef-464a-b071-a297b44d26f5"
              ],
              "failures": [
                "2104587d-2dcf-4f5e-aefd-d4129a7f8899"
              ],
              "pending": [],
              "skipped": [],
              "duration": 21650,
              "root": false,
              "rootEmpty": false,
              "_timeout": 2000
            },
            {
              "uuid": "75280b66-bb60-4c60-8edd-b069b173c195",
              "title": "AI Chatbot Engine & Boundary Tests",
              "fullFile": "",
              "file": "",
              "beforeHooks": [],
              "afterHooks": [],
              "tests": [
                {
                  "title": "TC-AI-01 [Positive]: Should open drawer with single welcome message and starter chips",
                  "fullTitle": "Portfolio Full-Stack Master E2E Automated Test Suite AI Chatbot Engine & Boundary Tests TC-AI-01 [Positive]: Should open drawer with single welcome message and starter chips",
                  "timedOut": null,
                  "duration": 856,
                  "state": "passed",
                  "speed": "fast",
                  "pass": true,
                  "fail": false,
                  "pending": false,
                  "context": null,
                  "code": "cy.get('.chat-widget-button').click();\ncy.get('#chatPanel').should('be.visible');\ncy.get('.ai-bubble').should('have.length', 1).and('contain.text', \"Hi! I'm Satheesh's AI Portfolio Assistant\");\ncy.get('.suggested-chip').should('have.length', 4);",
                  "err": {},
                  "uuid": "afa6c490-8692-43be-9c67-d9333592fa89",
                  "parentUUID": "75280b66-bb60-4c60-8edd-b069b173c195",
                  "isHook": false,
                  "skipped": false
                },
                {
                  "title": "TC-AI-02 [Positive]: Should handle LeetCode starter chip click",
                  "fullTitle": "Portfolio Full-Stack Master E2E Automated Test Suite AI Chatbot Engine & Boundary Tests TC-AI-02 [Positive]: Should handle LeetCode starter chip click",
                  "timedOut": null,
                  "duration": 939,
                  "state": "passed",
                  "speed": "fast",
                  "pass": true,
                  "fail": false,
                  "pending": false,
                  "context": null,
                  "code": "cy.get('.chat-widget-button').click();\ncy.contains('.suggested-chip', 'LeetCode Milestones').click();\ncy.get('.user-bubble').should('contain.text', 'LeetCode Milestones');\ncy.get('.ai-bubble').last().should('contain.text', '138+ Data Structures & Algorithms problems');",
                  "err": {},
                  "uuid": "e4eb7001-2f36-4373-9d3a-d0011b772706",
                  "parentUUID": "75280b66-bb60-4c60-8edd-b069b173c195",
                  "isHook": false,
                  "skipped": false
                },
                {
                  "title": "TC-AI-03 [Positive]: Should resolve NLP query \"his skills\"",
                  "fullTitle": "Portfolio Full-Stack Master E2E Automated Test Suite AI Chatbot Engine & Boundary Tests TC-AI-03 [Positive]: Should resolve NLP query \"his skills\"",
                  "timedOut": null,
                  "duration": 1086,
                  "state": "passed",
                  "speed": "fast",
                  "pass": true,
                  "fail": false,
                  "pending": false,
                  "context": null,
                  "code": "cy.get('.chat-widget-button').click();\ncy.get('input[placeholder*=\"Ask anything\"]').type('his skills{enter}');\ncy.get('.user-bubble').should('contain.text', 'his skills');\ncy.get('.ai-bubble').last().should('contain.text', 'Java 21, Spring Boot 3, Spring Security');",
                  "err": {},
                  "uuid": "cc0de44f-0592-4a29-9844-3eb67078c79c",
                  "parentUUID": "75280b66-bb60-4c60-8edd-b069b173c195",
                  "isHook": false,
                  "skipped": false
                },
                {
                  "title": "TC-AI-04 [Positive]: Should resolve NLP query \"what company he looking for\"",
                  "fullTitle": "Portfolio Full-Stack Master E2E Automated Test Suite AI Chatbot Engine & Boundary Tests TC-AI-04 [Positive]: Should resolve NLP query \"what company he looking for\"",
                  "timedOut": null,
                  "duration": 1260,
                  "state": "passed",
                  "speed": "fast",
                  "pass": true,
                  "fail": false,
                  "pending": false,
                  "context": null,
                  "code": "cy.get('.chat-widget-button').click();\ncy.get('input[placeholder*=\"Ask anything\"]').type('what company he looking for{enter}');\ncy.get('.user-bubble').should('contain.text', 'what company he looking for');\ncy.get('.ai-bubble').last().should('contain.text', 'Senior / Mid-Level Full Stack Developer');",
                  "err": {},
                  "uuid": "034f61f6-ecf9-4416-b4a4-2c7ce199a3f3",
                  "parentUUID": "75280b66-bb60-4c60-8edd-b069b173c195",
                  "isHook": false,
                  "skipped": false
                },
                {
                  "title": "TC-AI-05 [Negative]: Should strictly reject off-topic query \"what is the weather in London\"",
                  "fullTitle": "Portfolio Full-Stack Master E2E Automated Test Suite AI Chatbot Engine & Boundary Tests TC-AI-05 [Negative]: Should strictly reject off-topic query \"what is the weather in London\"",
                  "timedOut": null,
                  "duration": 1500,
                  "state": "passed",
                  "speed": "fast",
                  "pass": true,
                  "fail": false,
                  "pending": false,
                  "context": null,
                  "code": "cy.get('.chat-widget-button').click();\ncy.get('input[placeholder*=\"Ask anything\"]').type('what is the weather in London{enter}');\ncy.get('.user-bubble').should('contain.text', 'what is the weather in London');\ncy.get('.ai-bubble').last().should('contain.text', 'Please ask a valid question about Satheesh Kumar P!');",
                  "err": {},
                  "uuid": "439f8526-1464-4036-8210-7748dfd1f997",
                  "parentUUID": "75280b66-bb60-4c60-8edd-b069b173c195",
                  "isHook": false,
                  "skipped": false
                }
              ],
              "suites": [],
              "passes": [
                "afa6c490-8692-43be-9c67-d9333592fa89",
                "e4eb7001-2f36-4373-9d3a-d0011b772706",
                "cc0de44f-0592-4a29-9844-3eb67078c79c",
                "034f61f6-ecf9-4416-b4a4-2c7ce199a3f3",
                "439f8526-1464-4036-8210-7748dfd1f997"
              ],
              "failures": [],
              "pending": [],
              "skipped": [],
              "duration": 5641,
              "root": false,
              "rootEmpty": false,
              "_timeout": 2000
            }
          ],
          "passes": [],
          "failures": [],
          "pending": [],
          "skipped": [],
          "duration": 0,
          "root": false,
          "rootEmpty": false,
          "_timeout": 2000
        }
      ],
      "passes": [],
      "failures": [],
      "pending": [],
      "skipped": [],
      "duration": 0,
      "root": true,
      "rootEmpty": true,
      "_timeout": 2000
    }
  ],
  "meta": {
    "mocha": {
      "version": "7.2.0"
    },
    "mochawesome": {
      "options": {
        "quiet": false,
        "reportFilename": "mochawesome",
        "saveHtml": true,
        "saveJson": true,
        "consoleReporter": "spec",
        "useInlineDiffs": false,
        "code": true
      },
      "version": "7.1.4"
    },
    "marge": {
      "options": {
        "reportDir": "cypress/reports",
        "overwrite": false,
        "html": true,
        "json": true
      },
      "version": "6.3.2"
    }
  }
}